Arguments: 
  /usr/local/Cellar/node/11.10.1/bin/node /usr/local/Cellar/yarn/1.13.0/libexec/bin/yarn.js

PATH: 
  /usr/local/bin:/usr/local/bin:/usr/bin:/bin:/usr/sbin:/sbin

Yarn version: 
  1.13.0

Node version: 
  11.10.1

Platform: 
  darwin x64

Trace: 
  Error: EACCES: permission denied, mkdir '/Users/bernardi/Documents/cursos/bootcamp/modulo02/goBarber/node_modules/define-property/node_modules/kind-of'

npm manifest: 
  {
    "name": "goBarber",
    "version": "1.0.0",
    "main": "index.js",
    "license": "MIT",
    "scripts": {
      "dev": "nodemon src/server.js"
    },
    "dependencies": {
      "express": "^4.17.1"
    },
    "devDependencies": {
      "eslint": "^5.16.0",
      "eslint-config-airbnb-base": "^13.1.0",
      "eslint-plugin-import": "^2.18.0",
      "nodemon": "^1.19.1",
      "sucrase": "^3.10.1"
    }
  }

yarn manifest: 
  No manifest

Lockfile: 
  # THIS IS AN AUTOGENERATED FILE. DO NOT EDIT THIS FILE DIRECTLY.
  # yarn lockfile v1
